[
  {
    "line": 1,
    "elements": [
      {
        "start_timestamp": "2022-10-23T06:12:21.795Z",
        "before": [
          {
            "result": {
              "duration": 1415125800,
              "status": "passed"
            },
            "match": {
              "location": "stepdefs.Hooks1.Setup()"
            }
          }
        ],
        "line": 10,
        "name": "This sceanrio is to define the failure path",
        "description": "",
        "id": "login-feature-scenario-saucelab;this-sceanrio-is-to-define-the-failure-path",
        "after": [
          {
            "result": {
              "duration": 139608600,
              "status": "passed"
            },
            "match": {
              "location": "stepdefs.Hooks1.Teardown()"
            }
          }
        ],
        "type": "scenario",
        "keyword": "Scenario",
        "steps": [
          {
            "result": {
              "error_message": "org.openqa.selenium.NoSuchElementException: no such element: Unable to locate element: {\"method\":\"xpath\",\"selector\":\"//input[@id\u003d\"user-name\"]\"}\n  (Session info: chrome\u003d106.0.5249.119)\nFor documentation on this error, please visit: https://www.seleniumhq.org/exceptions/no_such_element.html\nBuild info: version: \u00273.141.59\u0027, revision: \u0027e82be7d358\u0027, time: \u00272018-11-14T08:17:03\u0027\nSystem info: host: \u0027BCXX042\u0027, ip: \u0027192.168.230.7\u0027, os.name: \u0027Windows 10\u0027, os.arch: \u0027amd64\u0027, os.version: \u002710.0\u0027, java.version: \u002711.0.16\u0027\nDriver info: org.openqa.selenium.chrome.ChromeDriver\nCapabilities {acceptInsecureCerts: false, browserName: chrome, browserVersion: 106.0.5249.119, chrome: {chromedriverVersion: 105.0.5195.52 (412c95e51883..., userDataDir: C:\\Users\\DELL\\AppData\\Local...}, goog:chromeOptions: {debuggerAddress: localhost:63782}, javascriptEnabled: true, networkConnectionEnabled: false, pageLoadStrategy: normal, platform: WINDOWS, platformName: WINDOWS, proxy: Proxy(), setWindowRect: true, strictFileInteractability: false, timeouts: {implicit: 0, pageLoad: 300000, script: 30000}, unhandledPromptBehavior: dismiss and notify, webauthn:extension:credBlob: true, webauthn:extension:largeBlob: true, webauthn:virtualAuthenticators: true}\nSession ID: 699dc34cf663102e37c51bfb470d44c0\n*** Element info: {Using\u003dxpath, value\u003d//input[@id\u003d\"user-name\"]}\r\n\tat java.base/jdk.internal.reflect.NativeConstructorAccessorImpl.newInstance0(Native Method)\r\n\tat java.base/jdk.internal.reflect.NativeConstructorAccessorImpl.newInstance(NativeConstructorAccessorImpl.java:62)\r\n\tat java.base/jdk.internal.reflect.DelegatingConstructorAccessorImpl.newInstance(DelegatingConstructorAccessorImpl.java:45)\r\n\tat java.base/java.lang.reflect.Constructor.newInstance(Constructor.java:490)\r\n\tat org.openqa.selenium.remote.http.W3CHttpResponseCodec.createException(W3CHttpResponseCodec.java:187)\r\n\tat org.openqa.selenium.remote.http.W3CHttpResponseCodec.decode(W3CHttpResponseCodec.java:122)\r\n\tat org.openqa.selenium.remote.http.W3CHttpResponseCodec.decode(W3CHttpResponseCodec.java:49)\r\n\tat org.openqa.selenium.remote.HttpCommandExecutor.execute(HttpCommandExecutor.java:158)\r\n\tat org.openqa.selenium.remote.service.DriverCommandExecutor.execute(DriverCommandExecutor.java:83)\r\n\tat org.openqa.selenium.remote.RemoteWebDriver.execute(RemoteWebDriver.java:552)\r\n\tat org.openqa.selenium.remote.RemoteWebDriver.findElement(RemoteWebDriver.java:323)\r\n\tat org.openqa.selenium.remote.RemoteWebDriver.findElementByXPath(RemoteWebDriver.java:428)\r\n\tat org.openqa.selenium.By$ByXPath.findElement(By.java:353)\r\n\tat org.openqa.selenium.remote.RemoteWebDriver.findElement(RemoteWebDriver.java:315)\r\n\tat stepdefs.LogInStepdef1.i_enter_the_incorrect_username_and_password(LogInStepdef1.java:39)\r\n\tat ✽.I enter the incorrect username and password(file:///C:/Users/DELL/eclipse-workspace/SauceLabCucumberProject2/src/test/java/features/Login.feature:11)\r\n",
              "duration": 46871700,
              "status": "failed"
            },
            "line": 11,
            "name": "I enter the incorrect username and password",
            "match": {
              "location": "stepdefs.LogInStepdef1.i_enter_the_incorrect_username_and_password()"
            },
            "keyword": "When "
          },
          {
            "result": {
              "duration": 2998600,
              "status": "skipped"
            },
            "line": 12,
            "name": "I click on the LOGIN Button",
            "match": {
              "location": "stepdefs.LogInStepdef1.i_click_on_the_login_button()"
            },
            "keyword": "And "
          },
          {
            "result": {
              "duration": 994800,
              "status": "skipped"
            },
            "line": 13,
            "name": "I should get the error message \"Epic sadface: Username and password do not match any user in this service\"",
            "match": {
              "arguments": [
                {
                  "val": "\"Epic sadface: Username and password do not match any user in this service\"",
                  "offset": 31
                }
              ],
              "location": "stepdefs.LogInStepdef1.i_should_get_the_error_message_something(java.lang.String)"
            },
            "keyword": "Then "
          }
        ],
        "tags": [
          {
            "name": "@regression"
          }
        ]
      },
      {
        "start_timestamp": "2022-10-23T06:12:23.510Z",
        "before": [
          {
            "result": {
              "duration": 826687400,
              "status": "passed"
            },
            "match": {
              "location": "stepdefs.Hooks1.Setup()"
            }
          }
        ],
        "line": 23,
        "name": "This sceanrio is to define the failure path",
        "description": "",
        "id": "login-feature-scenario-saucelab;this-sceanrio-is-to-define-the-failure-path;;2",
        "after": [
          {
            "result": {
              "duration": 134618700,
              "status": "passed"
            },
            "match": {
              "location": "stepdefs.Hooks1.Teardown()"
            }
          }
        ],
        "type": "scenario",
        "keyword": "Scenario Outline",
        "steps": [
          {
            "result": {
              "error_message": "org.openqa.selenium.NoSuchElementException: no such element: Unable to locate element: {\"method\":\"xpath\",\"selector\":\"//input[@id\u003d\"user-name\"]\"}\n  (Session info: chrome\u003d106.0.5249.119)\nFor documentation on this error, please visit: https://www.seleniumhq.org/exceptions/no_such_element.html\nBuild info: version: \u00273.141.59\u0027, revision: \u0027e82be7d358\u0027, time: \u00272018-11-14T08:17:03\u0027\nSystem info: host: \u0027BCXX042\u0027, ip: \u0027192.168.230.7\u0027, os.name: \u0027Windows 10\u0027, os.arch: \u0027amd64\u0027, os.version: \u002710.0\u0027, java.version: \u002711.0.16\u0027\nDriver info: org.openqa.selenium.chrome.ChromeDriver\nCapabilities {acceptInsecureCerts: false, browserName: chrome, browserVersion: 106.0.5249.119, chrome: {chromedriverVersion: 105.0.5195.52 (412c95e51883..., userDataDir: C:\\Users\\DELL\\AppData\\Local...}, goog:chromeOptions: {debuggerAddress: localhost:63796}, javascriptEnabled: true, networkConnectionEnabled: false, pageLoadStrategy: normal, platform: WINDOWS, platformName: WINDOWS, proxy: Proxy(), setWindowRect: true, strictFileInteractability: false, timeouts: {implicit: 0, pageLoad: 300000, script: 30000}, unhandledPromptBehavior: dismiss and notify, webauthn:extension:credBlob: true, webauthn:extension:largeBlob: true, webauthn:virtualAuthenticators: true}\nSession ID: f9045c9bb6ca5a5190aa826d0876aa33\n*** Element info: {Using\u003dxpath, value\u003d//input[@id\u003d\"user-name\"]}\r\n\tat java.base/jdk.internal.reflect.NativeConstructorAccessorImpl.newInstance0(Native Method)\r\n\tat java.base/jdk.internal.reflect.NativeConstructorAccessorImpl.newInstance(NativeConstructorAccessorImpl.java:62)\r\n\tat java.base/jdk.internal.reflect.DelegatingConstructorAccessorImpl.newInstance(DelegatingConstructorAccessorImpl.java:45)\r\n\tat java.base/java.lang.reflect.Constructor.newInstance(Constructor.java:490)\r\n\tat org.openqa.selenium.remote.http.W3CHttpResponseCodec.createException(W3CHttpResponseCodec.java:187)\r\n\tat org.openqa.selenium.remote.http.W3CHttpResponseCodec.decode(W3CHttpResponseCodec.java:122)\r\n\tat org.openqa.selenium.remote.http.W3CHttpResponseCodec.decode(W3CHttpResponseCodec.java:49)\r\n\tat org.openqa.selenium.remote.HttpCommandExecutor.execute(HttpCommandExecutor.java:158)\r\n\tat org.openqa.selenium.remote.service.DriverCommandExecutor.execute(DriverCommandExecutor.java:83)\r\n\tat org.openqa.selenium.remote.RemoteWebDriver.execute(RemoteWebDriver.java:552)\r\n\tat org.openqa.selenium.remote.RemoteWebDriver.findElement(RemoteWebDriver.java:323)\r\n\tat org.openqa.selenium.remote.RemoteWebDriver.findElementByXPath(RemoteWebDriver.java:428)\r\n\tat org.openqa.selenium.By$ByXPath.findElement(By.java:353)\r\n\tat org.openqa.selenium.remote.RemoteWebDriver.findElement(RemoteWebDriver.java:315)\r\n\tat stepdefs.LogInStepdef1.i_enter_the_username_as_and_Password_as(LogInStepdef1.java:68)\r\n\tat ✽.I enter the username as \"abc@xyz.com\" and Password as \"Abc@1234\"(file:///C:/Users/DELL/eclipse-workspace/SauceLabCucumberProject2/src/test/java/features/Login.feature:17)\r\n",
              "duration": 36895500,
              "status": "failed"
            },
            "line": 17,
            "name": "I enter the username as \"abc@xyz.com\" and Password as \"Abc@1234\"",
            "match": {
              "arguments": [
                {
                  "val": "\"abc@xyz.com\"",
                  "offset": 24
                },
                {
                  "val": "\"Abc@1234\"",
                  "offset": 54
                }
              ],
              "location": "stepdefs.LogInStepdef1.i_enter_the_username_as_and_Password_as(java.lang.String,java.lang.String)"
            },
            "keyword": "When "
          },
          {
            "result": {
              "duration": 996500,
              "status": "skipped"
            },
            "line": 18,
            "name": "I click on the LOGIN Button",
            "match": {
              "location": "stepdefs.LogInStepdef1.i_click_on_the_login_button()"
            },
            "keyword": "And "
          },
          {
            "result": {
              "duration": 4991300,
              "status": "skipped"
            },
            "line": 19,
            "name": "I should get the error message \"Epic sadface: Username and password do not match any user in this service\"",
            "match": {
              "arguments": [
                {
                  "val": "\"Epic sadface: Username and password do not match any user in this service\"",
                  "offset": 31
                }
              ],
              "location": "stepdefs.LogInStepdef1.i_should_get_the_error_message_something(java.lang.String)"
            },
            "keyword": "Then "
          }
        ],
        "tags": [
          {
            "name": "@sanity"
          }
        ]
      },
      {
        "start_timestamp": "2022-10-23T06:12:24.532Z",
        "before": [
          {
            "result": {
              "duration": 947424000,
              "status": "passed"
            },
            "match": {
              "location": "stepdefs.Hooks1.Setup()"
            }
          }
        ],
        "line": 24,
        "name": "This sceanrio is to define the failure path",
        "description": "",
        "id": "login-feature-scenario-saucelab;this-sceanrio-is-to-define-the-failure-path;;3",
        "after": [
          {
            "result": {
              "duration": 98723500,
              "status": "passed"
            },
            "match": {
              "location": "stepdefs.Hooks1.Teardown()"
            }
          }
        ],
        "type": "scenario",
        "keyword": "Scenario Outline",
        "steps": [
          {
            "result": {
              "error_message": "org.openqa.selenium.NoSuchElementException: no such element: Unable to locate element: {\"method\":\"xpath\",\"selector\":\"//input[@id\u003d\"user-name\"]\"}\n  (Session info: chrome\u003d106.0.5249.119)\nFor documentation on this error, please visit: https://www.seleniumhq.org/exceptions/no_such_element.html\nBuild info: version: \u00273.141.59\u0027, revision: \u0027e82be7d358\u0027, time: \u00272018-11-14T08:17:03\u0027\nSystem info: host: \u0027BCXX042\u0027, ip: \u0027192.168.230.7\u0027, os.name: \u0027Windows 10\u0027, os.arch: \u0027amd64\u0027, os.version: \u002710.0\u0027, java.version: \u002711.0.16\u0027\nDriver info: org.openqa.selenium.chrome.ChromeDriver\nCapabilities {acceptInsecureCerts: false, browserName: chrome, browserVersion: 106.0.5249.119, chrome: {chromedriverVersion: 105.0.5195.52 (412c95e51883..., userDataDir: C:\\Users\\DELL\\AppData\\Local...}, goog:chromeOptions: {debuggerAddress: localhost:63810}, javascriptEnabled: true, networkConnectionEnabled: false, pageLoadStrategy: normal, platform: WINDOWS, platformName: WINDOWS, proxy: Proxy(), setWindowRect: true, strictFileInteractability: false, timeouts: {implicit: 0, pageLoad: 300000, script: 30000}, unhandledPromptBehavior: dismiss and notify, webauthn:extension:credBlob: true, webauthn:extension:largeBlob: true, webauthn:virtualAuthenticators: true}\nSession ID: 8d28987005fe1f6230593278fb2cdc66\n*** Element info: {Using\u003dxpath, value\u003d//input[@id\u003d\"user-name\"]}\r\n\tat java.base/jdk.internal.reflect.NativeConstructorAccessorImpl.newInstance0(Native Method)\r\n\tat java.base/jdk.internal.reflect.NativeConstructorAccessorImpl.newInstance(NativeConstructorAccessorImpl.java:62)\r\n\tat java.base/jdk.internal.reflect.DelegatingConstructorAccessorImpl.newInstance(DelegatingConstructorAccessorImpl.java:45)\r\n\tat java.base/java.lang.reflect.Constructor.newInstance(Constructor.java:490)\r\n\tat org.openqa.selenium.remote.http.W3CHttpResponseCodec.createException(W3CHttpResponseCodec.java:187)\r\n\tat org.openqa.selenium.remote.http.W3CHttpResponseCodec.decode(W3CHttpResponseCodec.java:122)\r\n\tat org.openqa.selenium.remote.http.W3CHttpResponseCodec.decode(W3CHttpResponseCodec.java:49)\r\n\tat org.openqa.selenium.remote.HttpCommandExecutor.execute(HttpCommandExecutor.java:158)\r\n\tat org.openqa.selenium.remote.service.DriverCommandExecutor.execute(DriverCommandExecutor.java:83)\r\n\tat org.openqa.selenium.remote.RemoteWebDriver.execute(RemoteWebDriver.java:552)\r\n\tat org.openqa.selenium.remote.RemoteWebDriver.findElement(RemoteWebDriver.java:323)\r\n\tat org.openqa.selenium.remote.RemoteWebDriver.findElementByXPath(RemoteWebDriver.java:428)\r\n\tat org.openqa.selenium.By$ByXPath.findElement(By.java:353)\r\n\tat org.openqa.selenium.remote.RemoteWebDriver.findElement(RemoteWebDriver.java:315)\r\n\tat stepdefs.LogInStepdef1.i_enter_the_username_as_and_Password_as(LogInStepdef1.java:68)\r\n\tat ✽.I enter the username as \"pqr@xyz.com\" and Password as \"Ert@1234\"(file:///C:/Users/DELL/eclipse-workspace/SauceLabCucumberProject2/src/test/java/features/Login.feature:17)\r\n",
              "duration": 36906600,
              "status": "failed"
            },
            "line": 17,
            "name": "I enter the username as \"pqr@xyz.com\" and Password as \"Ert@1234\"",
            "match": {
              "arguments": [
                {
                  "val": "\"pqr@xyz.com\"",
                  "offset": 24
                },
                {
                  "val": "\"Ert@1234\"",
                  "offset": 54
                }
              ],
              "location": "stepdefs.LogInStepdef1.i_enter_the_username_as_and_Password_as(java.lang.String,java.lang.String)"
            },
            "keyword": "When "
          },
          {
            "result": {
              "status": "skipped"
            },
            "line": 18,
            "name": "I click on the LOGIN Button",
            "match": {
              "location": "stepdefs.LogInStepdef1.i_click_on_the_login_button()"
            },
            "keyword": "And "
          },
          {
            "result": {
              "status": "skipped"
            },
            "line": 19,
            "name": "I should get the error message \"Epic sadface: Username and password do not match any user in this service\"",
            "match": {
              "arguments": [
                {
                  "val": "\"Epic sadface: Username and password do not match any user in this service\"",
                  "offset": 31
                }
              ],
              "location": "stepdefs.LogInStepdef1.i_should_get_the_error_message_something(java.lang.String)"
            },
            "keyword": "Then "
          }
        ],
        "tags": [
          {
            "name": "@sanity"
          }
        ]
      }
    ],
    "name": "Login Feature Scenario SauceLab",
    "description": "",
    "id": "login-feature-scenario-saucelab",
    "keyword": "Feature",
    "uri": "file:src/test/java/features/Login.feature",
    "tags": []
  }
]